2025-07-23 17:47:44 - __main__ - [32mINFO[0m - Inicializando servicios...
2025-07-23 17:47:44 - adapters.storage_adapters - [32mINFO[0m - Base de datos SQLite inicializada
2025-07-23 17:47:47 - adapters.camera_adapters - [32mINFO[0m - Cámara 0 inicializada correctamente
2025-07-23 17:47:47 - adapters.ai_adapters - [32mINFO[0m - Inicializando EasyOCR con idiomas: ['en']
2025-07-23 17:47:49 - adapters.ai_adapters - [32mINFO[0m - EasyOCR inicializado correctamente
2025-07-23 17:47:54 - __main__ - [32mINFO[0m - Todos los servicios inicializados correctamente
2025-07-23 17:47:54 - __main__ - [32mINFO[0m - Iniciando modo continuo...
2025-07-23 17:47:54 - __main__ - [32mINFO[0m - Procesando frame de la cámara
2025-07-23 17:47:57 - __main__ - [32mINFO[0m - No se detectaron placas en la imagen
2025-07-23 17:47:57 - __main__ - [32mINFO[0m - Procesando frame de la cámara
2025-07-23 17:47:59 - __main__ - [32mINFO[0m - No se detectaron placas en la imagen
2025-07-23 17:47:59 - __main__ - [32mINFO[0m - Procesando frame de la cámara
2025-07-23 17:48:02 - __main__ - [32mINFO[0m - No se detectaron placas en la imagen
2025-07-23 17:48:02 - __main__ - [32mINFO[0m - Procesando frame de la cámara
2025-07-23 17:48:05 - __main__ - [32mINFO[0m - No se detectaron placas en la imagen
2025-07-23 17:48:05 - __main__ - [32mINFO[0m - Procesando frame de la cámara
2025-07-23 17:48:08 - __main__ - [32mINFO[0m - No se detectaron placas en la imagen
2025-07-23 17:48:08 - __main__ - [32mINFO[0m - Procesando frame de la cámara
2025-07-23 17:48:10 - __main__ - [32mINFO[0m - No se detectaron placas en la imagen
2025-07-23 17:48:11 - __main__ - [32mINFO[0m - Procesando frame de la cámara
2025-07-23 17:48:13 - __main__ - [32mINFO[0m - No se detectaron placas en la imagen
2025-07-23 17:48:13 - __main__ - [32mINFO[0m - Procesando frame de la cámara
2025-07-23 17:48:16 - __main__ - [32mINFO[0m - No se detectaron placas en la imagen
2025-07-23 17:48:16 - __main__ - [32mINFO[0m - Procesando frame de la cámara
2025-07-23 17:48:19 - __main__ - [32mINFO[0m - No se detectaron placas en la imagen
2025-07-23 17:48:19 - __main__ - [32mINFO[0m - Procesando frame de la cámara
2025-07-23 17:48:22 - __main__ - [32mINFO[0m - No se detectaron placas en la imagen
2025-07-23 17:48:22 - __main__ - [32mINFO[0m - Procesando frame de la cámara
2025-07-23 17:48:25 - __main__ - [32mINFO[0m - No se detectaron placas en la imagen
2025-07-23 17:48:25 - __main__ - [32mINFO[0m - Procesando frame de la cámara
2025-07-23 17:48:28 - __main__ - [32mINFO[0m - No se detectaron placas en la imagen
2025-07-23 17:48:28 - __main__ - [32mINFO[0m - Procesando frame de la cámara
2025-07-23 17:48:31 - __main__ - [32mINFO[0m - No se detectaron placas en la imagen
2025-07-23 17:48:31 - __main__ - [32mINFO[0m - Procesando frame de la cámara
2025-07-23 17:48:33 - __main__ - [32mINFO[0m - No se detectaron placas en la imagen
2025-07-23 17:48:34 - __main__ - [32mINFO[0m - Procesando frame de la cámara
2025-07-23 17:48:36 - __main__ - [32mINFO[0m - No se detectaron placas en la imagen
2025-07-23 17:48:37 - __main__ - [32mINFO[0m - Procesando frame de la cámara
2025-07-23 17:48:40 - __main__ - [32mINFO[0m - No se detectaron placas en la imagen
2025-07-23 17:48:40 - __main__ - [32mINFO[0m - Procesando frame de la cámara
2025-07-23 17:48:43 - __main__ - [32mINFO[0m - No se detectaron placas en la imagen
2025-07-23 17:48:43 - __main__ - [32mINFO[0m - Procesando frame de la cámara
2025-07-23 17:48:46 - __main__ - [32mINFO[0m - No se detectaron placas en la imagen
2025-07-23 17:48:46 - __main__ - [32mINFO[0m - Procesando frame de la cámara
2025-07-23 17:48:49 - __main__ - [32mINFO[0m - No se detectaron placas en la imagen
2025-07-23 17:48:49 - __main__ - [32mINFO[0m - Procesando frame de la cámara
2025-07-23 17:48:51 - __main__ - [32mINFO[0m - No se detectaron placas en la imagen
2025-07-23 17:48:52 - __main__ - [32mINFO[0m - Procesando frame de la cámara
2025-07-23 17:48:54 - __main__ - [32mINFO[0m - No se detectaron placas en la imagen
2025-07-23 17:48:54 - __main__ - [32mINFO[0m - Procesando frame de la cámara
2025-07-23 17:48:57 - __main__ - [32mINFO[0m - No se detectaron placas en la imagen
2025-07-23 17:48:57 - __main__ - [32mINFO[0m - Procesando frame de la cámara
2025-07-23 17:49:00 - __main__ - [32mINFO[0m - No se detectaron placas en la imagen
2025-07-23 17:49:00 - __main__ - [32mINFO[0m - Procesando frame de la cámara
2025-07-23 17:49:03 - __main__ - [32mINFO[0m - No se detectaron placas en la imagen
2025-07-23 17:49:03 - __main__ - [32mINFO[0m - Procesando frame de la cámara
2025-07-23 17:49:06 - __main__ - [32mINFO[0m - No se detectaron placas en la imagen
2025-07-23 17:49:06 - __main__ - [32mINFO[0m - Procesando frame de la cámara
2025-07-23 17:49:09 - __main__ - [32mINFO[0m - No se detectaron placas en la imagen
2025-07-23 17:49:09 - __main__ - [32mINFO[0m - Procesando frame de la cámara
2025-07-23 17:49:12 - __main__ - [32mINFO[0m - No se detectaron placas en la imagen
2025-07-23 17:49:12 - __main__ - [32mINFO[0m - Procesando frame de la cámara
2025-07-23 17:49:15 - __main__ - [32mINFO[0m - No se detectaron placas en la imagen
2025-07-23 17:49:15 - __main__ - [32mINFO[0m - Procesando frame de la cámara
2025-07-23 17:49:18 - __main__ - [32mINFO[0m - No se detectaron placas en la imagen
2025-07-23 17:49:18 - __main__ - [32mINFO[0m - Procesando frame de la cámara
2025-07-23 17:49:20 - __main__ - [32mINFO[0m - No se detectaron placas en la imagen
2025-07-23 17:49:21 - __main__ - [32mINFO[0m - Procesando frame de la cámara
2025-07-23 17:49:23 - __main__ - [32mINFO[0m - No se detectaron placas en la imagen
2025-07-23 17:49:23 - __main__ - [32mINFO[0m - Procesando frame de la cámara
2025-07-23 17:49:26 - __main__ - [32mINFO[0m - No se detectaron placas en la imagen
2025-07-23 17:49:26 - __main__ - [32mINFO[0m - Procesando frame de la cámara
2025-07-23 17:49:29 - __main__ - [32mINFO[0m - No se detectaron placas en la imagen
2025-07-23 17:49:30 - adapters.camera_adapters - [33mWARNING[0m - No se pudo capturar frame
2025-07-23 17:49:30 - __main__ - [33mWARNING[0m - No se pudo capturar frame de la cámara
2025-07-23 17:49:31 - adapters.camera_adapters - [33mWARNING[0m - No se pudo capturar frame
2025-07-23 17:49:31 - __main__ - [33mWARNING[0m - No se pudo capturar frame de la cámara
2025-07-23 17:49:32 - adapters.camera_adapters - [33mWARNING[0m - No se pudo capturar frame
2025-07-23 17:49:32 - __main__ - [33mWARNING[0m - No se pudo capturar frame de la cámara
2025-07-23 17:49:33 - adapters.camera_adapters - [33mWARNING[0m - No se pudo capturar frame
2025-07-23 17:49:33 - __main__ - [33mWARNING[0m - No se pudo capturar frame de la cámara
2025-07-23 17:49:34 - adapters.camera_adapters - [33mWARNING[0m - No se pudo capturar frame
2025-07-23 17:49:34 - __main__ - [33mWARNING[0m - No se pudo capturar frame de la cámara
2025-07-23 17:49:36 - adapters.camera_adapters - [33mWARNING[0m - No se pudo capturar frame
2025-07-23 17:49:36 - __main__ - [33mWARNING[0m - No se pudo capturar frame de la cámara
2025-07-23 17:49:37 - adapters.camera_adapters - [33mWARNING[0m - No se pudo capturar frame
2025-07-23 17:49:37 - __main__ - [33mWARNING[0m - No se pudo capturar frame de la cámara
2025-07-23 17:49:38 - adapters.camera_adapters - [33mWARNING[0m - No se pudo capturar frame
2025-07-23 17:49:38 - __main__ - [33mWARNING[0m - No se pudo capturar frame de la cámara
2025-07-23 17:49:39 - adapters.camera_adapters - [33mWARNING[0m - No se pudo capturar frame
2025-07-23 17:49:39 - __main__ - [33mWARNING[0m - No se pudo capturar frame de la cámara
2025-07-23 17:49:40 - adapters.camera_adapters - [33mWARNING[0m - No se pudo capturar frame
2025-07-23 17:49:40 - __main__ - [33mWARNING[0m - No se pudo capturar frame de la cámara
2025-07-23 17:49:41 - adapters.camera_adapters - [33mWARNING[0m - No se pudo capturar frame
2025-07-23 17:49:41 - __main__ - [33mWARNING[0m - No se pudo capturar frame de la cámara
2025-07-23 17:49:42 - adapters.camera_adapters - [33mWARNING[0m - No se pudo capturar frame
2025-07-23 17:49:42 - __main__ - [33mWARNING[0m - No se pudo capturar frame de la cámara
2025-07-23 17:49:43 - adapters.camera_adapters - [33mWARNING[0m - No se pudo capturar frame
2025-07-23 17:49:43 - __main__ - [33mWARNING[0m - No se pudo capturar frame de la cámara
2025-07-23 17:49:44 - adapters.camera_adapters - [33mWARNING[0m - No se pudo capturar frame
2025-07-23 17:49:44 - __main__ - [33mWARNING[0m - No se pudo capturar frame de la cámara
2025-07-23 17:49:46 - adapters.camera_adapters - [33mWARNING[0m - No se pudo capturar frame
2025-07-23 17:49:46 - __main__ - [33mWARNING[0m - No se pudo capturar frame de la cámara
2025-07-23 17:49:47 - adapters.camera_adapters - [33mWARNING[0m - No se pudo capturar frame
2025-07-23 17:49:47 - __main__ - [33mWARNING[0m - No se pudo capturar frame de la cámara
2025-07-23 17:49:48 - adapters.camera_adapters - [33mWARNING[0m - No se pudo capturar frame
2025-07-23 17:49:48 - __main__ - [33mWARNING[0m - No se pudo capturar frame de la cámara
2025-07-23 17:49:49 - adapters.camera_adapters - [33mWARNING[0m - No se pudo capturar frame
2025-07-23 17:49:49 - __main__ - [33mWARNING[0m - No se pudo capturar frame de la cámara
2025-07-23 17:49:50 - adapters.camera_adapters - [33mWARNING[0m - No se pudo capturar frame
2025-07-23 17:49:50 - __main__ - [33mWARNING[0m - No se pudo capturar frame de la cámara
2025-07-23 17:49:51 - adapters.camera_adapters - [33mWARNING[0m - No se pudo capturar frame
2025-07-23 17:49:51 - __main__ - [33mWARNING[0m - No se pudo capturar frame de la cámara
2025-07-23 17:49:52 - adapters.camera_adapters - [33mWARNING[0m - No se pudo capturar frame
2025-07-23 17:49:52 - __main__ - [33mWARNING[0m - No se pudo capturar frame de la cámara
2025-07-23 17:49:53 - adapters.camera_adapters - [33mWARNING[0m - No se pudo capturar frame
2025-07-23 17:49:53 - __main__ - [33mWARNING[0m - No se pudo capturar frame de la cámara
2025-07-23 17:49:54 - adapters.camera_adapters - [33mWARNING[0m - No se pudo capturar frame
2025-07-23 17:49:54 - __main__ - [33mWARNING[0m - No se pudo capturar frame de la cámara
2025-07-23 17:49:56 - adapters.camera_adapters - [33mWARNING[0m - No se pudo capturar frame
2025-07-23 17:49:56 - __main__ - [33mWARNING[0m - No se pudo capturar frame de la cámara
2025-07-23 17:49:57 - adapters.camera_adapters - [33mWARNING[0m - No se pudo capturar frame
2025-07-23 17:49:57 - __main__ - [33mWARNING[0m - No se pudo capturar frame de la cámara
2025-07-23 17:49:58 - adapters.camera_adapters - [33mWARNING[0m - No se pudo capturar frame
2025-07-23 17:49:58 - __main__ - [33mWARNING[0m - No se pudo capturar frame de la cámara
2025-07-23 17:49:59 - adapters.camera_adapters - [33mWARNING[0m - No se pudo capturar frame
2025-07-23 17:49:59 - __main__ - [33mWARNING[0m - No se pudo capturar frame de la cámara
2025-07-23 17:50:00 - adapters.camera_adapters - [33mWARNING[0m - No se pudo capturar frame
2025-07-23 17:50:00 - __main__ - [33mWARNING[0m - No se pudo capturar frame de la cámara
2025-07-23 17:50:01 - adapters.camera_adapters - [33mWARNING[0m - No se pudo capturar frame
2025-07-23 17:50:01 - __main__ - [33mWARNING[0m - No se pudo capturar frame de la cámara
2025-07-23 17:50:02 - adapters.camera_adapters - [33mWARNING[0m - No se pudo capturar frame
2025-07-23 17:50:02 - __main__ - [33mWARNING[0m - No se pudo capturar frame de la cámara
2025-07-23 17:50:03 - adapters.camera_adapters - [33mWARNING[0m - No se pudo capturar frame
2025-07-23 17:50:03 - __main__ - [33mWARNING[0m - No se pudo capturar frame de la cámara
2025-07-23 17:50:04 - adapters.camera_adapters - [33mWARNING[0m - No se pudo capturar frame
2025-07-23 17:50:04 - __main__ - [33mWARNING[0m - No se pudo capturar frame de la cámara
2025-07-23 17:50:06 - adapters.camera_adapters - [33mWARNING[0m - No se pudo capturar frame
2025-07-23 17:50:06 - __main__ - [33mWARNING[0m - No se pudo capturar frame de la cámara
2025-07-23 17:50:07 - adapters.camera_adapters - [33mWARNING[0m - No se pudo capturar frame
2025-07-23 17:50:07 - __main__ - [33mWARNING[0m - No se pudo capturar frame de la cámara
2025-07-23 17:50:08 - adapters.camera_adapters - [33mWARNING[0m - No se pudo capturar frame
2025-07-23 17:50:08 - __main__ - [33mWARNING[0m - No se pudo capturar frame de la cámara
2025-07-23 17:50:09 - adapters.camera_adapters - [33mWARNING[0m - No se pudo capturar frame
2025-07-23 17:50:09 - __main__ - [33mWARNING[0m - No se pudo capturar frame de la cámara
2025-07-23 17:50:10 - adapters.camera_adapters - [33mWARNING[0m - No se pudo capturar frame
2025-07-23 17:50:10 - __main__ - [33mWARNING[0m - No se pudo capturar frame de la cámara
2025-07-23 17:50:11 - adapters.camera_adapters - [33mWARNING[0m - No se pudo capturar frame
2025-07-23 17:50:11 - __main__ - [33mWARNING[0m - No se pudo capturar frame de la cámara
2025-07-23 17:50:12 - adapters.camera_adapters - [33mWARNING[0m - No se pudo capturar frame
2025-07-23 17:50:12 - __main__ - [33mWARNING[0m - No se pudo capturar frame de la cámara
2025-07-23 17:50:13 - adapters.camera_adapters - [33mWARNING[0m - No se pudo capturar frame
2025-07-23 17:50:13 - __main__ - [33mWARNING[0m - No se pudo capturar frame de la cámara
2025-07-23 17:50:14 - adapters.camera_adapters - [33mWARNING[0m - No se pudo capturar frame
2025-07-23 17:50:14 - __main__ - [33mWARNING[0m - No se pudo capturar frame de la cámara
2025-07-23 17:50:16 - adapters.camera_adapters - [33mWARNING[0m - No se pudo capturar frame
2025-07-23 17:50:16 - __main__ - [33mWARNING[0m - No se pudo capturar frame de la cámara
2025-07-23 17:50:17 - adapters.camera_adapters - [33mWARNING[0m - No se pudo capturar frame
2025-07-23 17:50:17 - __main__ - [33mWARNING[0m - No se pudo capturar frame de la cámara
2025-07-23 17:50:18 - adapters.camera_adapters - [33mWARNING[0m - No se pudo capturar frame
2025-07-23 17:50:18 - __main__ - [33mWARNING[0m - No se pudo capturar frame de la cámara
2025-07-23 17:50:19 - adapters.camera_adapters - [33mWARNING[0m - No se pudo capturar frame
2025-07-23 17:50:19 - __main__ - [33mWARNING[0m - No se pudo capturar frame de la cámara
2025-07-23 17:50:20 - adapters.camera_adapters - [33mWARNING[0m - No se pudo capturar frame
2025-07-23 17:50:20 - __main__ - [33mWARNING[0m - No se pudo capturar frame de la cámara
2025-07-23 17:50:21 - adapters.camera_adapters - [33mWARNING[0m - No se pudo capturar frame
2025-07-23 17:50:21 - __main__ - [33mWARNING[0m - No se pudo capturar frame de la cámara
2025-07-23 17:50:22 - adapters.camera_adapters - [33mWARNING[0m - No se pudo capturar frame
2025-07-23 17:50:22 - __main__ - [33mWARNING[0m - No se pudo capturar frame de la cámara
2025-07-23 17:50:23 - adapters.camera_adapters - [33mWARNING[0m - No se pudo capturar frame
2025-07-23 17:50:23 - __main__ - [33mWARNING[0m - No se pudo capturar frame de la cámara
2025-07-23 17:50:24 - adapters.camera_adapters - [33mWARNING[0m - No se pudo capturar frame
2025-07-23 17:50:24 - __main__ - [33mWARNING[0m - No se pudo capturar frame de la cámara
2025-07-23 17:50:25 - adapters.camera_adapters - [33mWARNING[0m - No se pudo capturar frame
2025-07-23 17:50:25 - __main__ - [33mWARNING[0m - No se pudo capturar frame de la cámara
2025-07-23 17:50:27 - adapters.camera_adapters - [33mWARNING[0m - No se pudo capturar frame
2025-07-23 17:50:27 - __main__ - [33mWARNING[0m - No se pudo capturar frame de la cámara
2025-07-23 17:50:28 - adapters.camera_adapters - [33mWARNING[0m - No se pudo capturar frame
2025-07-23 17:50:28 - __main__ - [33mWARNING[0m - No se pudo capturar frame de la cámara
2025-07-23 17:50:29 - adapters.camera_adapters - [33mWARNING[0m - No se pudo capturar frame
2025-07-23 17:50:29 - __main__ - [33mWARNING[0m - No se pudo capturar frame de la cámara
2025-07-23 17:50:30 - adapters.camera_adapters - [33mWARNING[0m - No se pudo capturar frame
2025-07-23 17:50:30 - __main__ - [33mWARNING[0m - No se pudo capturar frame de la cámara
2025-07-23 17:50:31 - adapters.camera_adapters - [33mWARNING[0m - No se pudo capturar frame
2025-07-23 17:50:31 - __main__ - [33mWARNING[0m - No se pudo capturar frame de la cámara
2025-07-23 17:50:32 - adapters.camera_adapters - [33mWARNING[0m - No se pudo capturar frame
2025-07-23 17:50:32 - __main__ - [33mWARNING[0m - No se pudo capturar frame de la cámara
2025-07-23 17:50:33 - adapters.camera_adapters - [33mWARNING[0m - No se pudo capturar frame
2025-07-23 17:50:33 - __main__ - [33mWARNING[0m - No se pudo capturar frame de la cámara
2025-07-23 17:50:34 - adapters.camera_adapters - [33mWARNING[0m - No se pudo capturar frame
2025-07-23 17:50:34 - __main__ - [33mWARNING[0m - No se pudo capturar frame de la cámara
2025-07-23 17:50:35 - adapters.camera_adapters - [33mWARNING[0m - No se pudo capturar frame
2025-07-23 17:50:35 - __main__ - [33mWARNING[0m - No se pudo capturar frame de la cámara
2025-07-23 17:50:37 - adapters.camera_adapters - [33mWARNING[0m - No se pudo capturar frame
2025-07-23 17:50:37 - __main__ - [33mWARNING[0m - No se pudo capturar frame de la cámara
2025-07-23 17:50:38 - adapters.camera_adapters - [33mWARNING[0m - No se pudo capturar frame
2025-07-23 17:50:38 - __main__ - [33mWARNING[0m - No se pudo capturar frame de la cámara
2025-07-23 17:50:39 - adapters.camera_adapters - [33mWARNING[0m - No se pudo capturar frame
2025-07-23 17:50:39 - __main__ - [33mWARNING[0m - No se pudo capturar frame de la cámara
2025-07-23 17:50:40 - adapters.camera_adapters - [33mWARNING[0m - No se pudo capturar frame
2025-07-23 17:50:40 - __main__ - [33mWARNING[0m - No se pudo capturar frame de la cámara
2025-07-23 17:50:41 - adapters.camera_adapters - [33mWARNING[0m - No se pudo capturar frame
2025-07-23 17:50:41 - __main__ - [33mWARNING[0m - No se pudo capturar frame de la cámara
2025-07-23 17:50:42 - adapters.camera_adapters - [33mWARNING[0m - No se pudo capturar frame
2025-07-23 17:50:42 - __main__ - [33mWARNING[0m - No se pudo capturar frame de la cámara
2025-07-23 17:50:43 - adapters.camera_adapters - [33mWARNING[0m - No se pudo capturar frame
2025-07-23 17:50:43 - __main__ - [33mWARNING[0m - No se pudo capturar frame de la cámara
2025-07-23 17:50:43 - __main__ - [32mINFO[0m - Procesados 100 frames
2025-07-23 17:50:44 - adapters.camera_adapters - [33mWARNING[0m - No se pudo capturar frame
2025-07-23 17:50:44 - __main__ - [33mWARNING[0m - No se pudo capturar frame de la cámara
2025-07-23 17:50:45 - adapters.camera_adapters - [33mWARNING[0m - No se pudo capturar frame
2025-07-23 17:50:45 - __main__ - [33mWARNING[0m - No se pudo capturar frame de la cámara
2025-07-23 17:50:47 - adapters.camera_adapters - [33mWARNING[0m - No se pudo capturar frame
2025-07-23 17:50:47 - __main__ - [33mWARNING[0m - No se pudo capturar frame de la cámara
2025-07-23 17:50:48 - adapters.camera_adapters - [33mWARNING[0m - No se pudo capturar frame
2025-07-23 17:50:48 - __main__ - [33mWARNING[0m - No se pudo capturar frame de la cámara
2025-07-23 17:50:49 - adapters.camera_adapters - [33mWARNING[0m - No se pudo capturar frame
2025-07-23 17:50:49 - __main__ - [33mWARNING[0m - No se pudo capturar frame de la cámara
2025-07-23 17:50:50 - adapters.camera_adapters - [33mWARNING[0m - No se pudo capturar frame
2025-07-23 17:50:50 - __main__ - [33mWARNING[0m - No se pudo capturar frame de la cámara
2025-07-23 17:50:51 - adapters.camera_adapters - [33mWARNING[0m - No se pudo capturar frame
2025-07-23 17:50:51 - __main__ - [33mWARNING[0m - No se pudo capturar frame de la cámara
2025-07-23 17:50:52 - adapters.camera_adapters - [33mWARNING[0m - No se pudo capturar frame
2025-07-23 17:50:52 - __main__ - [33mWARNING[0m - No se pudo capturar frame de la cámara
2025-07-23 17:50:53 - adapters.camera_adapters - [33mWARNING[0m - No se pudo capturar frame
2025-07-23 17:50:53 - __main__ - [33mWARNING[0m - No se pudo capturar frame de la cámara
2025-07-23 17:50:54 - adapters.camera_adapters - [33mWARNING[0m - No se pudo capturar frame
2025-07-23 17:50:54 - __main__ - [33mWARNING[0m - No se pudo capturar frame de la cámara
2025-07-23 17:50:55 - adapters.camera_adapters - [33mWARNING[0m - No se pudo capturar frame
2025-07-23 17:50:55 - __main__ - [33mWARNING[0m - No se pudo capturar frame de la cámara
2025-07-23 17:50:57 - adapters.camera_adapters - [33mWARNING[0m - No se pudo capturar frame
2025-07-23 17:50:57 - __main__ - [33mWARNING[0m - No se pudo capturar frame de la cámara
2025-07-23 17:50:58 - adapters.camera_adapters - [33mWARNING[0m - No se pudo capturar frame
2025-07-23 17:50:58 - __main__ - [33mWARNING[0m - No se pudo capturar frame de la cámara
2025-07-23 17:50:59 - adapters.camera_adapters - [33mWARNING[0m - No se pudo capturar frame
2025-07-23 17:50:59 - __main__ - [33mWARNING[0m - No se pudo capturar frame de la cámara
2025-07-23 17:51:00 - adapters.camera_adapters - [33mWARNING[0m - No se pudo capturar frame
2025-07-23 17:51:00 - __main__ - [33mWARNING[0m - No se pudo capturar frame de la cámara
2025-07-23 17:51:01 - adapters.camera_adapters - [33mWARNING[0m - No se pudo capturar frame
2025-07-23 17:51:01 - __main__ - [33mWARNING[0m - No se pudo capturar frame de la cámara
2025-07-23 17:51:02 - adapters.camera_adapters - [33mWARNING[0m - No se pudo capturar frame
2025-07-23 17:51:02 - __main__ - [33mWARNING[0m - No se pudo capturar frame de la cámara
2025-07-23 17:51:03 - adapters.camera_adapters - [33mWARNING[0m - No se pudo capturar frame
2025-07-23 17:51:03 - __main__ - [33mWARNING[0m - No se pudo capturar frame de la cámara
2025-07-23 17:51:04 - adapters.camera_adapters - [33mWARNING[0m - No se pudo capturar frame
2025-07-23 17:51:04 - __main__ - [33mWARNING[0m - No se pudo capturar frame de la cámara
2025-07-23 17:51:05 - adapters.camera_adapters - [33mWARNING[0m - No se pudo capturar frame
2025-07-23 17:51:05 - __main__ - [33mWARNING[0m - No se pudo capturar frame de la cámara
2025-07-23 17:51:07 - adapters.camera_adapters - [33mWARNING[0m - No se pudo capturar frame
2025-07-23 17:51:07 - __main__ - [33mWARNING[0m - No se pudo capturar frame de la cámara
2025-07-23 17:51:08 - adapters.camera_adapters - [33mWARNING[0m - No se pudo capturar frame
2025-07-23 17:51:08 - __main__ - [33mWARNING[0m - No se pudo capturar frame de la cámara
2025-07-23 17:51:09 - adapters.camera_adapters - [33mWARNING[0m - No se pudo capturar frame
2025-07-23 17:51:09 - __main__ - [33mWARNING[0m - No se pudo capturar frame de la cámara
2025-07-23 17:51:10 - adapters.camera_adapters - [33mWARNING[0m - No se pudo capturar frame
2025-07-23 17:51:10 - __main__ - [33mWARNING[0m - No se pudo capturar frame de la cámara
2025-07-23 17:51:11 - adapters.camera_adapters - [33mWARNING[0m - No se pudo capturar frame
2025-07-23 17:51:11 - __main__ - [33mWARNING[0m - No se pudo capturar frame de la cámara
2025-07-23 17:51:12 - adapters.camera_adapters - [33mWARNING[0m - No se pudo capturar frame
2025-07-23 17:51:12 - __main__ - [33mWARNING[0m - No se pudo capturar frame de la cámara
2025-07-23 17:51:13 - adapters.camera_adapters - [33mWARNING[0m - No se pudo capturar frame
2025-07-23 17:51:13 - __main__ - [33mWARNING[0m - No se pudo capturar frame de la cámara
2025-07-23 17:51:14 - adapters.camera_adapters - [33mWARNING[0m - No se pudo capturar frame
2025-07-23 17:51:14 - __main__ - [33mWARNING[0m - No se pudo capturar frame de la cámara
2025-07-23 17:51:15 - adapters.camera_adapters - [33mWARNING[0m - No se pudo capturar frame
2025-07-23 17:51:15 - __main__ - [33mWARNING[0m - No se pudo capturar frame de la cámara
2025-07-23 17:51:16 - adapters.camera_adapters - [33mWARNING[0m - No se pudo capturar frame
2025-07-23 17:51:16 - __main__ - [33mWARNING[0m - No se pudo capturar frame de la cámara
2025-07-23 17:51:18 - adapters.camera_adapters - [33mWARNING[0m - No se pudo capturar frame
2025-07-23 17:51:18 - __main__ - [33mWARNING[0m - No se pudo capturar frame de la cámara
2025-07-23 17:51:19 - adapters.camera_adapters - [33mWARNING[0m - No se pudo capturar frame
2025-07-23 17:51:19 - __main__ - [33mWARNING[0m - No se pudo capturar frame de la cámara
2025-07-23 17:51:20 - adapters.camera_adapters - [33mWARNING[0m - No se pudo capturar frame
2025-07-23 17:51:20 - __main__ - [33mWARNING[0m - No se pudo capturar frame de la cámara
2025-07-23 17:51:21 - adapters.camera_adapters - [33mWARNING[0m - No se pudo capturar frame
2025-07-23 17:51:21 - __main__ - [33mWARNING[0m - No se pudo capturar frame de la cámara
2025-07-23 17:51:22 - adapters.camera_adapters - [33mWARNING[0m - No se pudo capturar frame
2025-07-23 17:51:22 - __main__ - [33mWARNING[0m - No se pudo capturar frame de la cámara
2025-07-23 17:51:23 - adapters.camera_adapters - [33mWARNING[0m - No se pudo capturar frame
2025-07-23 17:51:23 - __main__ - [33mWARNING[0m - No se pudo capturar frame de la cámara
2025-07-23 17:51:24 - adapters.camera_adapters - [33mWARNING[0m - No se pudo capturar frame
2025-07-23 17:51:24 - __main__ - [33mWARNING[0m - No se pudo capturar frame de la cámara
2025-07-23 17:51:25 - adapters.camera_adapters - [33mWARNING[0m - No se pudo capturar frame
2025-07-23 17:51:25 - __main__ - [33mWARNING[0m - No se pudo capturar frame de la cámara
2025-07-23 17:51:26 - adapters.camera_adapters - [33mWARNING[0m - No se pudo capturar frame
2025-07-23 17:51:26 - __main__ - [33mWARNING[0m - No se pudo capturar frame de la cámara
2025-07-23 17:51:28 - adapters.camera_adapters - [33mWARNING[0m - No se pudo capturar frame
2025-07-23 17:51:28 - __main__ - [33mWARNING[0m - No se pudo capturar frame de la cámara
2025-07-23 17:51:29 - adapters.camera_adapters - [33mWARNING[0m - No se pudo capturar frame
2025-07-23 17:51:29 - __main__ - [33mWARNING[0m - No se pudo capturar frame de la cámara
2025-07-23 17:51:30 - adapters.camera_adapters - [33mWARNING[0m - No se pudo capturar frame
2025-07-23 17:51:30 - __main__ - [33mWARNING[0m - No se pudo capturar frame de la cámara
2025-07-23 17:51:31 - adapters.camera_adapters - [33mWARNING[0m - No se pudo capturar frame
2025-07-23 17:51:31 - __main__ - [33mWARNING[0m - No se pudo capturar frame de la cámara
2025-07-23 17:51:32 - adapters.camera_adapters - [33mWARNING[0m - No se pudo capturar frame
2025-07-23 17:51:32 - __main__ - [33mWARNING[0m - No se pudo capturar frame de la cámara
2025-07-23 17:51:33 - adapters.camera_adapters - [33mWARNING[0m - No se pudo capturar frame
2025-07-23 17:51:33 - __main__ - [33mWARNING[0m - No se pudo capturar frame de la cámara
2025-07-23 17:51:34 - adapters.camera_adapters - [33mWARNING[0m - No se pudo capturar frame
2025-07-23 17:51:34 - __main__ - [33mWARNING[0m - No se pudo capturar frame de la cámara
2025-07-23 17:51:35 - adapters.camera_adapters - [33mWARNING[0m - No se pudo capturar frame
2025-07-23 17:51:35 - __main__ - [33mWARNING[0m - No se pudo capturar frame de la cámara
2025-07-23 17:51:36 - adapters.camera_adapters - [33mWARNING[0m - No se pudo capturar frame
2025-07-23 17:51:36 - __main__ - [33mWARNING[0m - No se pudo capturar frame de la cámara
2025-07-23 17:51:38 - adapters.camera_adapters - [33mWARNING[0m - No se pudo capturar frame
2025-07-23 17:51:38 - __main__ - [33mWARNING[0m - No se pudo capturar frame de la cámara
2025-07-23 17:51:39 - adapters.camera_adapters - [33mWARNING[0m - No se pudo capturar frame
2025-07-23 17:51:39 - __main__ - [33mWARNING[0m - No se pudo capturar frame de la cámara
2025-07-23 17:51:40 - adapters.camera_adapters - [33mWARNING[0m - No se pudo capturar frame
2025-07-23 17:51:40 - __main__ - [33mWARNING[0m - No se pudo capturar frame de la cámara
2025-07-23 17:51:41 - adapters.camera_adapters - [33mWARNING[0m - No se pudo capturar frame
2025-07-23 17:51:41 - __main__ - [33mWARNING[0m - No se pudo capturar frame de la cámara
2025-07-23 17:51:42 - adapters.camera_adapters - [33mWARNING[0m - No se pudo capturar frame
2025-07-23 17:51:42 - __main__ - [33mWARNING[0m - No se pudo capturar frame de la cámara
2025-07-23 17:51:43 - adapters.camera_adapters - [33mWARNING[0m - No se pudo capturar frame
2025-07-23 17:51:43 - __main__ - [33mWARNING[0m - No se pudo capturar frame de la cámara
2025-07-23 17:51:44 - adapters.camera_adapters - [33mWARNING[0m - No se pudo capturar frame
2025-07-23 17:51:44 - __main__ - [33mWARNING[0m - No se pudo capturar frame de la cámara
2025-07-23 17:51:45 - adapters.camera_adapters - [33mWARNING[0m - No se pudo capturar frame
2025-07-23 17:51:45 - __main__ - [33mWARNING[0m - No se pudo capturar frame de la cámara
2025-07-23 17:51:46 - adapters.camera_adapters - [33mWARNING[0m - No se pudo capturar frame
2025-07-23 17:51:46 - __main__ - [33mWARNING[0m - No se pudo capturar frame de la cámara
2025-07-23 17:51:48 - adapters.camera_adapters - [33mWARNING[0m - No se pudo capturar frame
2025-07-23 17:51:48 - __main__ - [33mWARNING[0m - No se pudo capturar frame de la cámara
2025-07-23 17:51:49 - adapters.camera_adapters - [33mWARNING[0m - No se pudo capturar frame
2025-07-23 17:51:49 - __main__ - [33mWARNING[0m - No se pudo capturar frame de la cámara
2025-07-23 17:51:50 - adapters.camera_adapters - [33mWARNING[0m - No se pudo capturar frame
2025-07-23 17:51:50 - __main__ - [33mWARNING[0m - No se pudo capturar frame de la cámara
2025-07-23 17:51:51 - adapters.camera_adapters - [33mWARNING[0m - No se pudo capturar frame
2025-07-23 17:51:51 - __main__ - [33mWARNING[0m - No se pudo capturar frame de la cámara
2025-07-23 17:51:52 - adapters.camera_adapters - [33mWARNING[0m - No se pudo capturar frame
2025-07-23 17:51:52 - __main__ - [33mWARNING[0m - No se pudo capturar frame de la cámara
2025-07-23 17:51:53 - adapters.camera_adapters - [33mWARNING[0m - No se pudo capturar frame
2025-07-23 17:51:53 - __main__ - [33mWARNING[0m - No se pudo capturar frame de la cámara
2025-07-23 17:51:54 - adapters.camera_adapters - [33mWARNING[0m - No se pudo capturar frame
2025-07-23 17:51:54 - __main__ - [33mWARNING[0m - No se pudo capturar frame de la cámara
2025-07-23 17:51:55 - adapters.camera_adapters - [33mWARNING[0m - No se pudo capturar frame
2025-07-23 17:51:55 - __main__ - [33mWARNING[0m - No se pudo capturar frame de la cámara
2025-07-23 17:51:56 - adapters.camera_adapters - [33mWARNING[0m - No se pudo capturar frame
2025-07-23 17:51:56 - __main__ - [33mWARNING[0m - No se pudo capturar frame de la cámara
2025-07-23 17:51:57 - adapters.camera_adapters - [33mWARNING[0m - No se pudo capturar frame
2025-07-23 17:51:57 - __main__ - [33mWARNING[0m - No se pudo capturar frame de la cámara
2025-07-23 17:51:59 - adapters.camera_adapters - [33mWARNING[0m - No se pudo capturar frame
2025-07-23 17:51:59 - __main__ - [33mWARNING[0m - No se pudo capturar frame de la cámara
2025-07-23 17:52:00 - adapters.camera_adapters - [33mWARNING[0m - No se pudo capturar frame
2025-07-23 17:52:00 - __main__ - [33mWARNING[0m - No se pudo capturar frame de la cámara
2025-07-23 17:52:01 - adapters.camera_adapters - [33mWARNING[0m - No se pudo capturar frame
2025-07-23 17:52:01 - __main__ - [33mWARNING[0m - No se pudo capturar frame de la cámara
2025-07-23 17:52:02 - adapters.camera_adapters - [33mWARNING[0m - No se pudo capturar frame
2025-07-23 17:52:02 - __main__ - [33mWARNING[0m - No se pudo capturar frame de la cámara
2025-07-23 17:52:03 - adapters.camera_adapters - [33mWARNING[0m - No se pudo capturar frame
2025-07-23 17:52:03 - __main__ - [33mWARNING[0m - No se pudo capturar frame de la cámara
2025-07-23 17:52:04 - adapters.camera_adapters - [33mWARNING[0m - No se pudo capturar frame
2025-07-23 17:52:04 - __main__ - [33mWARNING[0m - No se pudo capturar frame de la cámara
2025-07-23 17:52:05 - adapters.camera_adapters - [33mWARNING[0m - No se pudo capturar frame
2025-07-23 17:52:05 - __main__ - [33mWARNING[0m - No se pudo capturar frame de la cámara
2025-07-23 17:52:06 - adapters.camera_adapters - [33mWARNING[0m - No se pudo capturar frame
2025-07-23 17:52:06 - __main__ - [33mWARNING[0m - No se pudo capturar frame de la cámara
2025-07-23 17:52:07 - adapters.camera_adapters - [33mWARNING[0m - No se pudo capturar frame
2025-07-23 17:52:07 - __main__ - [33mWARNING[0m - No se pudo capturar frame de la cámara
2025-07-23 17:52:09 - adapters.camera_adapters - [33mWARNING[0m - No se pudo capturar frame
2025-07-23 17:52:09 - __main__ - [33mWARNING[0m - No se pudo capturar frame de la cámara
2025-07-23 17:52:10 - adapters.camera_adapters - [33mWARNING[0m - No se pudo capturar frame
2025-07-23 17:52:10 - __main__ - [33mWARNING[0m - No se pudo capturar frame de la cámara
2025-07-23 17:52:11 - adapters.camera_adapters - [33mWARNING[0m - No se pudo capturar frame
2025-07-23 17:52:11 - __main__ - [33mWARNING[0m - No se pudo capturar frame de la cámara
2025-07-23 17:52:12 - adapters.camera_adapters - [33mWARNING[0m - No se pudo capturar frame
2025-07-23 17:52:12 - __main__ - [33mWARNING[0m - No se pudo capturar frame de la cámara
2025-07-23 17:52:13 - adapters.camera_adapters - [33mWARNING[0m - No se pudo capturar frame
2025-07-23 17:52:13 - __main__ - [33mWARNING[0m - No se pudo capturar frame de la cámara
2025-07-23 17:52:14 - adapters.camera_adapters - [33mWARNING[0m - No se pudo capturar frame
2025-07-23 17:52:14 - __main__ - [33mWARNING[0m - No se pudo capturar frame de la cámara
2025-07-23 17:52:15 - adapters.camera_adapters - [33mWARNING[0m - No se pudo capturar frame
2025-07-23 17:52:15 - __main__ - [33mWARNING[0m - No se pudo capturar frame de la cámara
2025-07-23 17:52:16 - adapters.camera_adapters - [33mWARNING[0m - No se pudo capturar frame
2025-07-23 17:52:16 - __main__ - [33mWARNING[0m - No se pudo capturar frame de la cámara
2025-07-23 17:52:17 - adapters.camera_adapters - [33mWARNING[0m - No se pudo capturar frame
2025-07-23 17:52:17 - __main__ - [33mWARNING[0m - No se pudo capturar frame de la cámara
2025-07-23 17:52:19 - adapters.camera_adapters - [33mWARNING[0m - No se pudo capturar frame
2025-07-23 17:52:19 - __main__ - [33mWARNING[0m - No se pudo capturar frame de la cámara
2025-07-23 17:52:20 - adapters.camera_adapters - [33mWARNING[0m - No se pudo capturar frame
2025-07-23 17:52:20 - __main__ - [33mWARNING[0m - No se pudo capturar frame de la cámara
2025-07-23 17:52:21 - adapters.camera_adapters - [33mWARNING[0m - No se pudo capturar frame
2025-07-23 17:52:21 - __main__ - [33mWARNING[0m - No se pudo capturar frame de la cámara
2025-07-23 17:52:22 - adapters.camera_adapters - [33mWARNING[0m - No se pudo capturar frame
2025-07-23 17:52:22 - __main__ - [33mWARNING[0m - No se pudo capturar frame de la cámara
2025-07-23 17:52:23 - adapters.camera_adapters - [33mWARNING[0m - No se pudo capturar frame
2025-07-23 17:52:23 - __main__ - [33mWARNING[0m - No se pudo capturar frame de la cámara
2025-07-23 17:52:24 - adapters.camera_adapters - [33mWARNING[0m - No se pudo capturar frame
2025-07-23 17:52:24 - __main__ - [33mWARNING[0m - No se pudo capturar frame de la cámara
2025-07-23 17:52:25 - adapters.camera_adapters - [33mWARNING[0m - No se pudo capturar frame
2025-07-23 17:52:25 - __main__ - [33mWARNING[0m - No se pudo capturar frame de la cámara
2025-07-23 17:52:26 - adapters.camera_adapters - [33mWARNING[0m - No se pudo capturar frame
2025-07-23 17:52:26 - __main__ - [33mWARNING[0m - No se pudo capturar frame de la cámara
2025-07-23 17:52:27 - adapters.camera_adapters - [33mWARNING[0m - No se pudo capturar frame
2025-07-23 17:52:27 - __main__ - [33mWARNING[0m - No se pudo capturar frame de la cámara
2025-07-23 17:52:28 - adapters.camera_adapters - [33mWARNING[0m - No se pudo capturar frame
2025-07-23 17:52:28 - __main__ - [33mWARNING[0m - No se pudo capturar frame de la cámara
2025-07-23 17:52:30 - adapters.camera_adapters - [33mWARNING[0m - No se pudo capturar frame
2025-07-23 17:52:30 - __main__ - [33mWARNING[0m - No se pudo capturar frame de la cámara
