2025-07-22 06:53:05 - __main__ - [32mINFO[0m - Inicializando servicios...
2025-07-22 06:53:05 - adapters.storage_adapters - [32mINFO[0m - Base de datos SQLite inicializada
2025-07-22 06:53:05 - adapters.camera_adapters - [31mERROR[0m - Error inicializando cámara: [CAM] No se pudo abrir la cámara 0
2025-07-22 06:53:05 - __main__ - [31mERROR[0m - Error inicializando servicios: [CAM] Error inicializando cámara: [CAM] No se pudo abrir la cámara 0
2025-07-22 06:53:05 - __main__ - [31mERROR[0m - Error inicializando sistema
2025-07-22 06:53:05 - __main__ - [32mINFO[0m - Cerrando sistema...
2025-07-22 06:53:05 - adapters.camera_adapters - [32mINFO[0m - Cámara liberada
2025-07-22 06:53:05 - __main__ - [32mINFO[0m - Sistema cerrado correctamente
2025-07-22 06:53:12 - __main__ - [32mINFO[0m - Inicializando servicios...
2025-07-22 06:53:12 - adapters.storage_adapters - [32mINFO[0m - Base de datos SQLite inicializada
2025-07-22 06:53:16 - adapters.camera_adapters - [32mINFO[0m - Cámara 0 inicializada correctamente
2025-07-22 06:53:16 - adapters.ai_adapters - [32mINFO[0m - Inicializando EasyOCR con idiomas: ['en']
2025-07-22 06:53:25 - adapters.ai_adapters - [32mINFO[0m - EasyOCR inicializado correctamente
2025-07-22 06:53:25 - __main__ - [32mINFO[0m - Todos los servicios inicializados correctamente
2025-07-22 06:53:25 - __main__ - [32mINFO[0m - Capturando y procesando una imagen...
2025-07-22 06:53:25 - __main__ - [32mINFO[0m - Procesando frame de la cámara
2025-07-22 06:53:28 - __main__ - [32mINFO[0m - No se detectaron placas en la imagen
2025-07-22 06:53:28 - __main__ - [32mINFO[0m - Cerrando sistema...
2025-07-22 06:53:28 - adapters.camera_adapters - [32mINFO[0m - Cámara liberada
2025-07-22 06:53:28 - __main__ - [32mINFO[0m - Sistema cerrado correctamente
2025-07-22 07:03:37 - __main__ - [32mINFO[0m - Inicializando servicios...
2025-07-22 07:03:37 - adapters.storage_adapters - [32mINFO[0m - Base de datos SQLite inicializada
2025-07-22 07:03:40 - adapters.camera_adapters - [32mINFO[0m - Cámara 0 inicializada correctamente
2025-07-22 07:03:40 - adapters.ai_adapters - [32mINFO[0m - Inicializando EasyOCR con idiomas: ['en']
2025-07-22 07:03:42 - adapters.ai_adapters - [32mINFO[0m - EasyOCR inicializado correctamente
2025-07-22 07:03:47 - __main__ - [32mINFO[0m - Todos los servicios inicializados correctamente
2025-07-22 07:03:47 - __main__ - [32mINFO[0m - Procesando imagen: ./img/test/testPlaca.jpg
2025-07-22 07:03:48 - __main__ - [32mINFO[0m - Detectadas 1 placas:
2025-07-22 07:03:48 - __main__ - [32mINFO[0m -   - Placa: JNU540, Confianza: 0.91
2025-07-22 07:03:48 - __main__ - [32mINFO[0m - Evento almacenado: JNU540
2025-07-22 07:03:48 - __main__ - [32mINFO[0m - Cerrando sistema...
2025-07-22 07:03:48 - adapters.camera_adapters - [32mINFO[0m - Cámara liberada
2025-07-22 07:03:48 - __main__ - [32mINFO[0m - Sistema cerrado correctamente
2025-07-22 07:06:53 - __main__ - [32mINFO[0m - Inicializando servicios...
2025-07-22 07:06:53 - adapters.storage_adapters - [32mINFO[0m - Base de datos SQLite inicializada
2025-07-22 07:06:55 - adapters.camera_adapters - [32mINFO[0m - Cámara 0 inicializada correctamente
2025-07-22 07:06:55 - adapters.ai_adapters - [32mINFO[0m - Inicializando EasyOCR con idiomas: ['en']
2025-07-22 07:06:56 - adapters.ai_adapters - [32mINFO[0m - EasyOCR inicializado correctamente
2025-07-22 07:07:01 - __main__ - [32mINFO[0m - Todos los servicios inicializados correctamente
2025-07-22 07:07:02 - __main__ - [32mINFO[0m - Procesando imagen: ./img/test/images.jpeg
2025-07-22 07:07:02 - __main__ - [32mINFO[0m - Detectadas 1 placas:
2025-07-22 07:07:02 - __main__ - [32mINFO[0m -   - Placa: 0L0MB, Confianza: 0.71
2025-07-22 07:07:02 - __main__ - [32mINFO[0m - Evento almacenado: 0L0MB
2025-07-22 07:07:02 - __main__ - [32mINFO[0m - Cerrando sistema...
2025-07-22 07:07:02 - adapters.camera_adapters - [32mINFO[0m - Cámara liberada
2025-07-22 07:07:02 - __main__ - [32mINFO[0m - Sistema cerrado correctamente
2025-07-22 07:10:09 - __main__ - [32mINFO[0m - Inicializando servicios...
2025-07-22 07:10:09 - adapters.storage_adapters - [32mINFO[0m - Base de datos SQLite inicializada
2025-07-22 07:10:11 - adapters.camera_adapters - [32mINFO[0m - Cámara 0 inicializada correctamente
2025-07-22 07:10:11 - adapters.ai_adapters - [32mINFO[0m - Inicializando EasyOCR con idiomas: ['en']
2025-07-22 07:10:13 - adapters.ai_adapters - [32mINFO[0m - EasyOCR inicializado correctamente
2025-07-22 07:10:16 - __main__ - [32mINFO[0m - Todos los servicios inicializados correctamente
2025-07-22 07:10:16 - __main__ - [32mINFO[0m - Iniciando modo continuo...
2025-07-22 07:10:16 - __main__ - [32mINFO[0m - Procesando frame de la cámara
2025-07-22 07:10:19 - __main__ - [32mINFO[0m - No se detectaron placas en la imagen
2025-07-22 07:10:19 - __main__ - [32mINFO[0m - Procesando frame de la cámara
2025-07-22 07:10:22 - __main__ - [32mINFO[0m - No se detectaron placas en la imagen
2025-07-22 07:10:22 - __main__ - [32mINFO[0m - Procesando frame de la cámara
2025-07-22 07:10:25 - __main__ - [32mINFO[0m - No se detectaron placas en la imagen
2025-07-22 07:10:25 - __main__ - [32mINFO[0m - Procesando frame de la cámara
2025-07-22 07:10:27 - __main__ - [32mINFO[0m - No se detectaron placas en la imagen
2025-07-22 07:10:28 - __main__ - [32mINFO[0m - Procesando frame de la cámara
2025-07-22 07:10:30 - __main__ - [32mINFO[0m - No se detectaron placas en la imagen
2025-07-22 07:10:30 - __main__ - [32mINFO[0m - Procesando frame de la cámara
2025-07-22 07:10:33 - __main__ - [32mINFO[0m - No se detectaron placas en la imagen
2025-07-22 07:10:33 - __main__ - [32mINFO[0m - Procesando frame de la cámara
2025-07-22 07:10:36 - __main__ - [32mINFO[0m - No se detectaron placas en la imagen
2025-07-22 07:10:36 - __main__ - [32mINFO[0m - Procesando frame de la cámara
2025-07-22 07:10:39 - __main__ - [32mINFO[0m - No se detectaron placas en la imagen
2025-07-22 07:10:39 - __main__ - [32mINFO[0m - Procesando frame de la cámara
2025-07-22 07:10:42 - __main__ - [32mINFO[0m - No se detectaron placas en la imagen
2025-07-22 07:10:42 - __main__ - [32mINFO[0m - Procesando frame de la cámara
2025-07-22 07:10:44 - __main__ - [32mINFO[0m - No se detectaron placas en la imagen
2025-07-22 07:10:44 - __main__ - [32mINFO[0m - Procesando frame de la cámara
2025-07-22 07:10:47 - __main__ - [32mINFO[0m - No se detectaron placas en la imagen
2025-07-22 07:10:47 - __main__ - [32mINFO[0m - Procesando frame de la cámara
2025-07-22 07:10:50 - __main__ - [32mINFO[0m - No se detectaron placas en la imagen
2025-07-22 07:10:50 - __main__ - [32mINFO[0m - Procesando frame de la cámara
2025-07-22 07:10:52 - __main__ - [32mINFO[0m - No se detectaron placas en la imagen
2025-07-22 07:10:52 - __main__ - [32mINFO[0m - Procesando frame de la cámara
2025-07-22 07:10:55 - __main__ - [32mINFO[0m - No se detectaron placas en la imagen
2025-07-22 07:10:55 - __main__ - [32mINFO[0m - Procesando frame de la cámara
2025-07-22 07:10:58 - __main__ - [32mINFO[0m - No se detectaron placas en la imagen
2025-07-22 07:10:58 - __main__ - [32mINFO[0m - Procesando frame de la cámara
2025-07-22 07:11:00 - __main__ - [32mINFO[0m - No se detectaron placas en la imagen
2025-07-22 07:11:00 - __main__ - [32mINFO[0m - Procesando frame de la cámara
2025-07-22 07:11:03 - __main__ - [32mINFO[0m - No se detectaron placas en la imagen
2025-07-22 07:11:03 - __main__ - [32mINFO[0m - Procesando frame de la cámara
2025-07-22 07:11:05 - __main__ - [32mINFO[0m - No se detectaron placas en la imagen
2025-07-22 07:11:05 - __main__ - [32mINFO[0m - Procesando frame de la cámara
2025-07-22 07:11:08 - __main__ - [32mINFO[0m - No se detectaron placas en la imagen
2025-07-22 07:11:08 - __main__ - [32mINFO[0m - Procesando frame de la cámara
2025-07-22 07:11:11 - __main__ - [32mINFO[0m - No se detectaron placas en la imagen
2025-07-22 07:11:11 - __main__ - [32mINFO[0m - Procesando frame de la cámara
2025-07-22 07:11:14 - __main__ - [32mINFO[0m - No se detectaron placas en la imagen
2025-07-22 07:11:14 - __main__ - [32mINFO[0m - Procesando frame de la cámara
2025-07-22 07:11:17 - __main__ - [32mINFO[0m - No se detectaron placas en la imagen
2025-07-22 07:11:17 - __main__ - [32mINFO[0m - Procesando frame de la cámara
2025-07-22 07:11:20 - __main__ - [32mINFO[0m - No se detectaron placas en la imagen
2025-07-22 07:11:20 - __main__ - [32mINFO[0m - Procesando frame de la cámara
2025-07-22 07:11:23 - __main__ - [32mINFO[0m - No se detectaron placas en la imagen
2025-07-22 07:11:23 - __main__ - [32mINFO[0m - Procesando frame de la cámara
2025-07-22 07:11:26 - __main__ - [32mINFO[0m - No se detectaron placas en la imagen
2025-07-22 07:11:26 - __main__ - [32mINFO[0m - Procesando frame de la cámara
2025-07-22 07:11:29 - __main__ - [32mINFO[0m - No se detectaron placas en la imagen
2025-07-22 07:11:29 - __main__ - [32mINFO[0m - Procesando frame de la cámara
2025-07-22 07:11:32 - __main__ - [32mINFO[0m - No se detectaron placas en la imagen
2025-07-22 07:11:32 - __main__ - [32mINFO[0m - Procesando frame de la cámara
2025-07-22 07:11:35 - __main__ - [32mINFO[0m - No se detectaron placas en la imagen
2025-07-22 07:11:35 - __main__ - [32mINFO[0m - Procesando frame de la cámara
2025-07-22 07:11:39 - __main__ - [32mINFO[0m - No se detectaron placas en la imagen
2025-07-22 07:11:39 - __main__ - [32mINFO[0m - Procesando frame de la cámara
2025-07-22 07:11:43 - __main__ - [32mINFO[0m - No se detectaron placas en la imagen
2025-07-22 07:11:43 - __main__ - [32mINFO[0m - Procesando frame de la cámara
2025-07-22 07:11:46 - __main__ - [32mINFO[0m - No se detectaron placas en la imagen
2025-07-22 07:11:46 - __main__ - [32mINFO[0m - Procesando frame de la cámara
2025-07-22 07:11:48 - __main__ - [32mINFO[0m - No se detectaron placas en la imagen
2025-07-22 07:11:49 - __main__ - [32mINFO[0m - Procesando frame de la cámara
2025-07-22 07:11:51 - __main__ - [32mINFO[0m - No se detectaron placas en la imagen
2025-07-22 07:11:52 - __main__ - [32mINFO[0m - Procesando frame de la cámara
2025-07-22 07:11:54 - __main__ - [32mINFO[0m - No se detectaron placas en la imagen
2025-07-22 07:11:54 - __main__ - [32mINFO[0m - Procesando frame de la cámara
2025-07-22 07:11:58 - __main__ - [32mINFO[0m - No se detectaron placas en la imagen
2025-07-22 07:11:58 - __main__ - [32mINFO[0m - Procesando frame de la cámara
2025-07-22 07:12:01 - __main__ - [32mINFO[0m - No se detectaron placas en la imagen
2025-07-22 07:12:01 - __main__ - [32mINFO[0m - Procesando frame de la cámara
2025-07-22 07:12:04 - __main__ - [32mINFO[0m - No se detectaron placas en la imagen
2025-07-22 07:12:04 - __main__ - [32mINFO[0m - Procesando frame de la cámara
2025-07-22 07:12:07 - __main__ - [32mINFO[0m - No se detectaron placas en la imagen
2025-07-22 07:12:07 - __main__ - [32mINFO[0m - Procesando frame de la cámara
2025-07-22 07:12:10 - __main__ - [32mINFO[0m - No se detectaron placas en la imagen
2025-07-22 07:12:10 - __main__ - [32mINFO[0m - Procesando frame de la cámara
2025-07-22 07:12:13 - __main__ - [32mINFO[0m - No se detectaron placas en la imagen
2025-07-22 07:12:13 - __main__ - [32mINFO[0m - Procesando frame de la cámara
2025-07-22 07:12:16 - __main__ - [32mINFO[0m - No se detectaron placas en la imagen
2025-07-22 07:12:17 - adapters.camera_adapters - [33mWARNING[0m - No se pudo capturar frame
2025-07-22 07:12:17 - __main__ - [33mWARNING[0m - No se pudo capturar frame de la cámara
2025-07-22 07:12:18 - adapters.camera_adapters - [33mWARNING[0m - No se pudo capturar frame
2025-07-22 07:12:18 - __main__ - [33mWARNING[0m - No se pudo capturar frame de la cámara
2025-07-22 07:12:19 - adapters.camera_adapters - [33mWARNING[0m - No se pudo capturar frame
2025-07-22 07:12:19 - __main__ - [33mWARNING[0m - No se pudo capturar frame de la cámara
2025-07-22 07:12:20 - adapters.camera_adapters - [33mWARNING[0m - No se pudo capturar frame
2025-07-22 07:12:20 - __main__ - [33mWARNING[0m - No se pudo capturar frame de la cámara
2025-07-22 07:12:22 - adapters.camera_adapters - [33mWARNING[0m - No se pudo capturar frame
2025-07-22 07:12:22 - __main__ - [33mWARNING[0m - No se pudo capturar frame de la cámara
2025-07-22 07:12:23 - adapters.camera_adapters - [33mWARNING[0m - No se pudo capturar frame
2025-07-22 07:12:23 - __main__ - [33mWARNING[0m - No se pudo capturar frame de la cámara
2025-07-22 07:12:24 - adapters.camera_adapters - [33mWARNING[0m - No se pudo capturar frame
2025-07-22 07:12:24 - __main__ - [33mWARNING[0m - No se pudo capturar frame de la cámara
2025-07-22 07:12:25 - adapters.camera_adapters - [33mWARNING[0m - No se pudo capturar frame
2025-07-22 07:12:25 - __main__ - [33mWARNING[0m - No se pudo capturar frame de la cámara
2025-07-22 07:12:25 - __main__ - [32mINFO[0m - Deteniendo sistema...
2025-07-22 07:12:25 - __main__ - [32mINFO[0m - Cerrando sistema...
2025-07-22 07:12:25 - adapters.camera_adapters - [32mINFO[0m - Cámara liberada
2025-07-22 07:12:25 - __main__ - [32mINFO[0m - Sistema cerrado correctamente
2025-07-22 07:12:25 - __main__ - [32mINFO[0m - Cerrando sistema...
2025-07-22 07:12:25 - adapters.camera_adapters - [32mINFO[0m - Cámara liberada
2025-07-22 07:12:25 - __main__ - [32mINFO[0m - Sistema cerrado correctamente
